<testsuites name="jest tests" tests="3" failures="0" time="0.899">
  <testsuite name="AppFooter.vue" errors="0" failures="0" skipped="0" timestamp="2018-03-18T09:25:35" time="0.873" tests="2">
    <testcase classname="AppFooter.vue should display a footer message at the bottom of the page" name="AppFooter.vue should display a footer message at the bottom of the page" time="0.015">
    </testcase>
    <testcase classname="AppFooter.vue should have a link to JK&apos;s twitter page" name="AppFooter.vue should have a link to JK&apos;s twitter page" time="0.001">
    </testcase>
  </testsuite>
  <testsuite name="Home.vue" errors="0" failures="0" skipped="0" timestamp="2018-03-18T09:25:36" time="0.026" tests="1">
    <testcase classname="Home.vue should display a welcome message on the home page" name="Home.vue should display a welcome message on the home page" time="0.003">
    </testcase>
  </testsuite>
</testsuites>